c:\users\사용자\source\repos\c++\c++\debug\vc142.pdb
c:\users\사용자\source\repos\c++\c++\debug\vc142.idb
c:\users\사용자\source\repos\c++\c++\debug\문자열.obj
c:\users\사용자\source\repos\c++\c++\debug\반복문.obj
c:\users\사용자\source\repos\c++\c++\debug\논리연산자.obj
c:\users\사용자\source\repos\c++\c++\debug\cctype.obj
c:\users\사용자\source\repos\c++\c++\debug\textfile_io.obj
c:\users\사용자\source\repos\c++\c++\debug\function.obj
c:\users\사용자\source\repos\c++\c++\debug\2차원배열 파라미터.obj
c:\users\사용자\source\repos\c++\c++\debug\함수포인터.obj
c:\users\사용자\source\repos\c++\c++\debug\함수_overloading.obj
c:\users\사용자\source\repos\c++\c++\debug\reference_var.obj
c:\users\사용자\source\repos\c++\c++\debug\default_parameter.obj
c:\users\사용자\source\repos\c++\c++\debug\oop.obj
c:\users\사용자\source\repos\c++\c++\debug\class_member_function.obj
c:\users\사용자\source\repos\c++\c++\debug\object_as_function_parameter.obj
c:\users\사용자\source\repos\c++\c++\debug\vector.obj
c:\users\사용자\source\repos\c++\c++\debug\vector_opreator.obj
c:\users\사용자\source\repos\c++\c++\debug\stl_array.obj
c:\users\사용자\source\repos\c++\debug\c++.exe
c:\users\사용자\source\repos\c++\debug\c++.ilk
c:\users\사용자\source\repos\c++\debug\c++.pdb
c:\users\사용자\source\repos\c++\c++\debug\함수호출.obj
c:\users\사용자\source\repos\c++\c++\debug\c++.tlog\cl.command.1.tlog
c:\users\사용자\source\repos\c++\c++\debug\c++.tlog\cl.read.1.tlog
c:\users\사용자\source\repos\c++\c++\debug\c++.tlog\cl.write.1.tlog
c:\users\사용자\source\repos\c++\c++\debug\c++.tlog\link.command.1.tlog
c:\users\사용자\source\repos\c++\c++\debug\c++.tlog\link.read.1.tlog
c:\users\사용자\source\repos\c++\c++\debug\c++.tlog\link.write.1.tlog
